0 verbose cli /usr/local/bin/node /usr/local/bin/npm
1 info using npm@10.9.2
2 info using node@v22.15.0
3 silly config load:file:/usr/local/lib/node_modules/npm/npmrc
4 silly config load:file:/Users/rianmeyer/Flor Diary/.npmrc
5 silly config load:file:/Users/rianmeyer/.npmrc
6 silly config load:file:/usr/local/etc/npmrc
7 verbose title npm install @supabase/supabase-js @supabase/ssr
8 verbose argv "install" "@supabase/supabase-js" "@supabase/ssr" "--cache" "./.npm-cache" "--legacy-peer-deps"
9 verbose logfile logs-max:10 dir:/Users/rianmeyer/Flor Diary/.npm-cache/_logs/2026-01-21T00_51_06_487Z-
10 verbose logfile /Users/rianmeyer/Flor Diary/.npm-cache/_logs/2026-01-21T00_51_06_487Z-debug-0.log
11 silly logfile done cleaning log files
12 silly packumentCache heap:4345298944 maxSize:1086324736 maxEntrySize:543162368
13 silly idealTree buildDeps
14 silly fetch manifest @supabase/supabase-js@*
15 silly packumentCache full:https://registry.npmjs.org/@supabase%2fsupabase-js cache-miss
16 http fetch GET 200 https://registry.npmjs.org/@supabase%2fsupabase-js 154ms (cache miss)
17 silly packumentCache full:https://registry.npmjs.org/@supabase%2fsupabase-js set size:undefined disposed:false
18 silly fetch manifest @supabase/ssr@*
19 silly packumentCache full:https://registry.npmjs.org/@supabase%2fssr cache-miss
20 http fetch GET 200 https://registry.npmjs.org/@supabase%2fssr 774ms (cache miss)
21 silly packumentCache full:https://registry.npmjs.org/@supabase%2fssr set size:undefined disposed:false
22 silly placeDep ROOT @supabase/ssr@0.8.0 OK for: flor-diary@0.1.0 want: *
23 silly placeDep ROOT @supabase/supabase-js@2.91.0 OK for: flor-diary@0.1.0 want: *
24 silly fetch manifest cookie@^1.0.2
25 silly packumentCache full:https://registry.npmjs.org/cookie cache-miss
26 silly fetch manifest @supabase/auth-js@2.91.0
27 silly packumentCache full:https://registry.npmjs.org/@supabase%2fauth-js cache-miss
28 silly fetch manifest @supabase/functions-js@2.91.0
29 silly packumentCache full:https://registry.npmjs.org/@supabase%2ffunctions-js cache-miss
30 silly fetch manifest @supabase/postgrest-js@2.91.0
31 silly packumentCache full:https://registry.npmjs.org/@supabase%2fpostgrest-js cache-miss
32 silly fetch manifest @supabase/realtime-js@2.91.0
33 silly packumentCache full:https://registry.npmjs.org/@supabase%2frealtime-js cache-miss
34 silly fetch manifest @supabase/storage-js@2.91.0
35 silly packumentCache full:https://registry.npmjs.org/@supabase%2fstorage-js cache-miss
36 http fetch GET 200 https://registry.npmjs.org/cookie 42ms (cache miss)
37 silly packumentCache full:https://registry.npmjs.org/cookie set size:undefined disposed:false
38 http fetch GET 200 https://registry.npmjs.org/@supabase%2fauth-js 108ms (cache miss)
39 silly packumentCache full:https://registry.npmjs.org/@supabase%2fauth-js set size:undefined disposed:false
40 http fetch GET 200 https://registry.npmjs.org/@supabase%2ffunctions-js 120ms (cache miss)
41 silly packumentCache full:https://registry.npmjs.org/@supabase%2ffunctions-js set size:undefined disposed:false
42 http fetch GET 200 https://registry.npmjs.org/@supabase%2frealtime-js 122ms (cache miss)
43 silly packumentCache full:https://registry.npmjs.org/@supabase%2frealtime-js set size:undefined disposed:false
44 http fetch GET 200 https://registry.npmjs.org/@supabase%2fpostgrest-js 127ms (cache miss)
45 silly packumentCache full:https://registry.npmjs.org/@supabase%2fpostgrest-js set size:undefined disposed:false
46 http fetch GET 200 https://registry.npmjs.org/@supabase%2fstorage-js 132ms (cache miss)
47 silly packumentCache full:https://registry.npmjs.org/@supabase%2fstorage-js set size:undefined disposed:false
48 silly placeDep ROOT cookie@1.1.1 OK for: @supabase/ssr@0.8.0 want: ^1.0.2
49 silly placeDep ROOT @supabase/auth-js@2.91.0 OK for: @supabase/supabase-js@2.91.0 want: 2.91.0
50 silly placeDep ROOT @supabase/functions-js@2.91.0 OK for: @supabase/supabase-js@2.91.0 want: 2.91.0
51 silly placeDep ROOT @supabase/postgrest-js@2.91.0 OK for: @supabase/supabase-js@2.91.0 want: 2.91.0
52 silly placeDep ROOT @supabase/realtime-js@2.91.0 OK for: @supabase/supabase-js@2.91.0 want: 2.91.0
53 silly placeDep ROOT @supabase/storage-js@2.91.0 OK for: @supabase/supabase-js@2.91.0 want: 2.91.0
54 silly fetch manifest @types/phoenix@^1.6.6
55 silly packumentCache full:https://registry.npmjs.org/@types%2fphoenix cache-miss
56 silly fetch manifest @types/ws@^8.18.1
57 silly packumentCache full:https://registry.npmjs.org/@types%2fws cache-miss
58 silly fetch manifest ws@^8.18.2
59 silly packumentCache full:https://registry.npmjs.org/ws cache-miss
60 silly fetch manifest iceberg-js@^0.8.1
61 silly packumentCache full:https://registry.npmjs.org/iceberg-js cache-miss
62 http fetch GET 200 https://registry.npmjs.org/@types%2fphoenix 42ms (cache miss)
63 silly packumentCache full:https://registry.npmjs.org/@types%2fphoenix set size:undefined disposed:false
64 http fetch GET 200 https://registry.npmjs.org/iceberg-js 53ms (cache miss)
65 silly packumentCache full:https://registry.npmjs.org/iceberg-js set size:undefined disposed:false
66 http fetch GET 200 https://registry.npmjs.org/ws 53ms (cache miss)
67 silly packumentCache full:https://registry.npmjs.org/ws set size:undefined disposed:false
68 http fetch GET 200 https://registry.npmjs.org/@types%2fws 208ms (cache miss)
69 silly packumentCache full:https://registry.npmjs.org/@types%2fws set size:undefined disposed:false
70 silly placeDep ROOT @types/phoenix@1.6.7 OK for: @supabase/realtime-js@2.91.0 want: ^1.6.6
71 silly placeDep ROOT @types/ws@8.18.1 OK for: @supabase/realtime-js@2.91.0 want: ^8.18.1
72 silly placeDep ROOT ws@8.19.0 OK for: @supabase/realtime-js@2.91.0 want: ^8.18.2
73 silly placeDep ROOT iceberg-js@0.8.1 OK for: @supabase/storage-js@2.91.0 want: ^0.8.1
74 silly reify moves {}
75 silly audit bulk request {
75 silly audit   '@emnapi/core': [ '1.8.1' ],
75 silly audit   '@emnapi/runtime': [ '1.8.1' ],
75 silly audit   '@emnapi/wasi-threads': [ '1.1.0' ],
75 silly audit   '@eslint-community/eslint-utils': [ '4.9.1' ],
75 silly audit   '@eslint-community/regexpp': [ '4.12.2' ],
75 silly audit   '@eslint/eslintrc': [ '2.1.4' ],
75 silly audit   '@eslint/js': [ '8.57.1' ],
75 silly audit   '@humanwhocodes/config-array': [ '0.13.0' ],
75 silly audit   '@humanwhocodes/module-importer': [ '1.0.1' ],
75 silly audit   '@humanwhocodes/object-schema': [ '2.0.3' ],
75 silly audit   '@img/sharp-darwin-arm64': [ '0.33.5' ],
75 silly audit   '@img/sharp-darwin-x64': [ '0.33.5' ],
75 silly audit   '@img/sharp-libvips-darwin-arm64': [ '1.0.4' ],
75 silly audit   '@img/sharp-libvips-darwin-x64': [ '1.0.4' ],
75 silly audit   '@img/sharp-libvips-linux-arm': [ '1.0.5' ],
75 silly audit   '@img/sharp-libvips-linux-arm64': [ '1.0.4' ],
75 silly audit   '@img/sharp-libvips-linux-s390x': [ '1.0.4' ],
75 silly audit   '@img/sharp-libvips-linux-x64': [ '1.0.4' ],
75 silly audit   '@img/sharp-libvips-linuxmusl-arm64': [ '1.0.4' ],
75 silly audit   '@img/sharp-libvips-linuxmusl-x64': [ '1.0.4' ],
75 silly audit   '@img/sharp-linux-arm': [ '0.33.5' ],
75 silly audit   '@img/sharp-linux-arm64': [ '0.33.5' ],
75 silly audit   '@img/sharp-linux-s390x': [ '0.33.5' ],
75 silly audit   '@img/sharp-linux-x64': [ '0.33.5' ],
75 silly audit   '@img/sharp-linuxmusl-arm64': [ '0.33.5' ],
75 silly audit   '@img/sharp-linuxmusl-x64': [ '0.33.5' ],
75 silly audit   '@img/sharp-wasm32': [ '0.33.5' ],
75 silly audit   '@img/sharp-win32-ia32': [ '0.33.5' ],
75 silly audit   '@img/sharp-win32-x64': [ '0.33.5' ],
75 silly audit   '@napi-rs/wasm-runtime': [ '0.2.12' ],
75 silly audit   '@next/env': [ '15.1.0' ],
75 silly audit   '@next/eslint-plugin-next': [ '15.1.0' ],
75 silly audit   '@next/swc-darwin-arm64': [ '15.1.0' ],
75 silly audit   '@next/swc-darwin-x64': [ '15.1.0' ],
75 silly audit   '@next/swc-linux-arm64-gnu': [ '15.1.0' ],
75 silly audit   '@next/swc-linux-arm64-musl': [ '15.1.0' ],
75 silly audit   '@next/swc-linux-x64-gnu': [ '15.1.0' ],
75 silly audit   '@next/swc-linux-x64-musl': [ '15.1.0' ],
75 silly audit   '@next/swc-win32-arm64-msvc': [ '15.1.0' ],
75 silly audit   '@next/swc-win32-x64-msvc': [ '15.1.0' ],
75 silly audit   '@nodelib/fs.scandir': [ '2.1.5' ],
75 silly audit   '@nodelib/fs.stat': [ '2.0.5' ],
75 silly audit   '@nodelib/fs.walk': [ '1.2.8' ],
75 silly audit   '@nolyfill/is-core-module': [ '1.0.39' ],
75 silly audit   '@rtsao/scc': [ '1.1.0' ],
75 silly audit   '@rushstack/eslint-patch': [ '1.15.0' ],
75 silly audit   '@swc/counter': [ '0.1.3' ],
75 silly audit   '@swc/helpers': [ '0.5.15' ],
75 silly audit   '@tybys/wasm-util': [ '0.10.1' ],
75 silly audit   '@types/json5': [ '0.0.29' ],
75 silly audit   '@types/node': [ '20.19.30' ],
75 silly audit   '@types/react': [ '19.2.9' ],
75 silly audit   '@types/react-dom': [ '19.2.3' ],
75 silly audit   '@typescript-eslint/eslint-plugin': [ '8.53.1' ],
75 silly audit   ignore: [ '7.0.5', '5.3.2' ],
75 silly audit   '@typescript-eslint/parser': [ '8.53.1' ],
75 silly audit   '@typescript-eslint/project-service': [ '8.53.1' ],
75 silly audit   '@typescript-eslint/scope-manager': [ '8.53.1' ],
75 silly audit   '@typescript-eslint/tsconfig-utils': [ '8.53.1' ],
75 silly audit   '@typescript-eslint/type-utils': [ '8.53.1' ],
75 silly audit   '@typescript-eslint/types': [ '8.53.1' ],
75 silly audit   '@typescript-eslint/typescript-estree': [ '8.53.1' ],
75 silly audit   'brace-expansion': [ '2.0.2', '1.1.12' ],
75 silly audit   minimatch: [ '9.0.5', '3.1.2' ],
75 silly audit   '@typescript-eslint/utils': [ '8.53.1' ],
75 silly audit   '@typescript-eslint/visitor-keys': [ '8.53.1' ],
75 silly audit   'eslint-visitor-keys': [ '4.2.1', '3.4.3' ],
75 silly audit   '@ungap/structured-clone': [ '1.3.0' ],
75 silly audit   '@unrs/resolver-binding-android-arm-eabi': [ '1.11.1' ],
75 silly audit   '@unrs/resolver-binding-android-arm64': [ '1.11.1' ],
75 silly audit   '@unrs/resolver-binding-darwin-arm64': [ '1.11.1' ],
75 silly audit   '@unrs/resolver-binding-darwin-x64': [ '1.11.1' ],
75 silly audit   '@unrs/resolver-binding-freebsd-x64': [ '1.11.1' ],
75 silly audit   '@unrs/resolver-binding-linux-arm-gnueabihf': [ '1.11.1' ],
75 silly audit   '@unrs/resolver-binding-linux-arm-musleabihf': [ '1.11.1' ],
75 silly audit   '@unrs/resolver-binding-linux-arm64-gnu': [ '1.11.1' ],
75 silly audit   '@unrs/resolver-binding-linux-arm64-musl': [ '1.11.1' ],
75 silly audit   '@unrs/resolver-binding-linux-ppc64-gnu': [ '1.11.1' ],
75 silly audit   '@unrs/resolver-binding-linux-riscv64-gnu': [ '1.11.1' ],
75 silly audit   '@unrs/resolver-binding-linux-riscv64-musl': [ '1.11.1' ],
75 silly audit   '@unrs/resolver-binding-linux-s390x-gnu': [ '1.11.1' ],
75 silly audit   '@unrs/resolver-binding-linux-x64-gnu': [ '1.11.1' ],
75 silly audit   '@unrs/resolver-binding-linux-x64-musl': [ '1.11.1' ],
75 silly audit   '@unrs/resolver-binding-wasm32-wasi': [ '1.11.1' ],
75 silly audit   '@unrs/resolver-binding-win32-arm64-msvc': [ '1.11.1' ],
75 silly audit   '@unrs/resolver-binding-win32-ia32-msvc': [ '1.11.1' ],
75 silly audit   '@unrs/resolver-binding-win32-x64-msvc': [ '1.11.1' ],
75 silly audit   acorn: [ '8.15.0' ],
75 silly audit   'acorn-jsx': [ '5.3.2' ],
75 silly audit   ajv: [ '6.12.6' ],
75 silly audit   'ansi-regex': [ '5.0.1' ],
75 silly audit   'ansi-styles': [ '4.3.0' ],
75 silly audit   argparse: [ '2.0.1' ],
75 silly audit   'aria-query': [ '5.3.2' ],
75 silly audit   'array-buffer-byte-length': [ '1.0.2' ],
75 silly audit   'array-includes': [ '3.1.9' ],
75 silly audit   'array.prototype.findlast': [ '1.2.5' ],
75 silly audit   'array.prototype.findlastindex': [ '1.2.6' ],
75 silly audit   'array.prototype.flat': [ '1.3.3' ],
75 silly audit   'array.prototype.flatmap': [ '1.3.3' ],
75 silly audit   'array.prototype.tosorted': [ '1.1.4' ],
75 silly audit   'arraybuffer.prototype.slice': [ '1.0.4' ],
75 silly audit   'ast-types-flow': [ '0.0.8' ],
75 silly audit   'async-function': [ '1.0.0' ],
75 silly audit   'available-typed-arrays': [ '1.0.7' ],
75 silly audit   'axe-core': [ '4.11.1' ],
75 silly audit   'axobject-query': [ '4.1.0' ],
75 silly audit   'balanced-match': [ '1.0.2' ],
75 silly audit   braces: [ '3.0.3' ],
75 silly audit   busboy: [ '1.6.0' ],
75 silly audit   'call-bind': [ '1.0.8' ],
75 silly audit   'call-bind-apply-helpers': [ '1.0.2' ],
75 silly audit   'call-bound': [ '1.0.4' ],
75 silly audit   callsites: [ '3.1.0' ],
75 silly audit   'caniuse-lite': [ '1.0.30001765' ],
75 silly audit   chalk: [ '4.1.2' ],
75 silly audit   'client-only': [ '0.0.1' ],
75 silly audit   color: [ '4.2.3' ],
75 silly audit   'color-convert': [ '2.0.1' ],
75 silly audit   'color-name': [ '1.1.4' ],
75 silly audit   'color-string': [ '1.9.1' ],
75 silly audit   'concat-map': [ '0.0.1' ],
75 silly audit   'cross-spawn': [ '7.0.6' ],
75 silly audit   csstype: [ '3.2.3' ],
75 silly audit   'damerau-levenshtein': [ '1.0.8' ],
75 silly audit   'data-view-buffer': [ '1.0.2' ],
75 silly audit   'data-view-byte-length': [ '1.0.2' ],
75 silly audit   'data-view-byte-offset': [ '1.0.1' ],
75 silly audit   debug: [ '4.4.3', '3.2.7' ],
75 silly audit   'deep-is': [ '0.1.4' ],
75 silly audit   'define-data-property': [ '1.1.4' ],
75 silly audit   'define-properties': [ '1.2.1' ],
75 silly audit   'detect-libc': [ '2.1.2' ],
75 silly audit   doctrine: [ '3.0.0', '2.1.0' ],
75 silly audit   'dunder-proto': [ '1.0.1' ],
75 silly audit   'emoji-regex': [ '9.2.2' ],
75 silly audit   'es-abstract': [ '1.24.1' ],
75 silly audit   'es-define-property': [ '1.0.1' ],
75 silly audit   'es-errors': [ '1.3.0' ],
75 silly audit   'es-iterator-helpers': [ '1.2.2' ],
75 silly audit   'es-object-atoms': [ '1.1.1' ],
75 silly audit   'es-set-tostringtag': [ '2.1.0' ],
75 silly audit   'es-shim-unscopables': [ '1.1.0' ],
75 silly audit   'es-to-primitive': [ '1.3.0' ],
75 silly audit   'escape-string-regexp': [ '4.0.0' ],
75 silly audit   eslint: [ '8.57.1' ],
75 silly audit   'eslint-config-next': [ '15.1.0' ],
75 silly audit   'eslint-import-resolver-node': [ '0.3.9' ],
75 silly audit   'eslint-import-resolver-typescript': [ '3.10.1' ],
75 silly audit   'eslint-module-utils': [ '2.12.1' ],
75 silly audit   'eslint-plugin-import': [ '2.32.0' ],
75 silly audit   semver: [ '6.3.1', '7.7.3' ],
75 silly audit   'eslint-plugin-jsx-a11y': [ '6.10.2' ],
75 silly audit   'eslint-plugin-react': [ '7.37.5' ],
75 silly audit   'eslint-plugin-react-hooks': [ '5.2.0' ],
75 silly audit   resolve: [ '2.0.0-next.5', '1.22.11' ],
75 silly audit   'eslint-scope': [ '7.2.2' ],
75 silly audit   espree: [ '9.6.1' ],
75 silly audit   esquery: [ '1.7.0' ],
75 silly audit   esrecurse: [ '4.3.0' ],
75 silly audit   estraverse: [ '5.3.0' ],
75 silly audit   esutils: [ '2.0.3' ],
75 silly audit   'fast-deep-equal': [ '3.1.3' ],
75 silly audit   'fast-glob': [ '3.3.1' ],
75 silly audit   'glob-parent': [ '5.1.2', '6.0.2' ],
75 silly audit   'fast-json-stable-stringify': [ '2.1.0' ],
75 silly audit   'fast-levenshtein': [ '2.0.6' ],
75 silly audit   fastq: [ '1.20.1' ],
75 silly audit   fdir: [ '6.5.0' ],
75 silly audit   'file-entry-cache': [ '6.0.1' ],
75 silly audit   'fill-range': [ '7.1.1' ],
75 silly audit   'find-up': [ '5.0.0' ],
75 silly audit   'flat-cache': [ '3.2.0' ],
75 silly audit   flatted: [ '3.3.3' ],
75 silly audit   'for-each': [ '0.3.5' ],
75 silly audit   'fs.realpath': [ '1.0.0' ],
75 silly audit   'function-bind': [ '1.1.2' ],
75 silly audit   'function.prototype.name': [ '1.1.8' ],
75 silly audit   'functions-have-names': [ '1.2.3' ],
75 silly audit   'generator-function': [ '2.0.1' ],
75 silly audit   'get-intrinsic': [ '1.3.0' ],
75 silly audit   'get-proto': [ '1.0.1' ],
75 silly audit   'get-symbol-description': [ '1.1.0' ],
75 silly audit   'get-tsconfig': [ '4.13.0' ],
75 silly audit   glob: [ '7.2.3' ],
75 silly audit   globals: [ '13.24.0' ],
75 silly audit   globalthis: [ '1.0.4' ],
75 silly audit   gopd: [ '1.2.0' ],
75 silly audit   graphemer: [ '1.4.0' ],
75 silly audit   'has-bigints': [ '1.1.0' ],
75 silly audit   'has-flag': [ '4.0.0' ],
75 silly audit   'has-property-descriptors': [ '1.0.2' ],
75 silly audit   'has-proto': [ '1.2.0' ],
75 silly audit   'has-symbols': [ '1.1.0' ],
75 silly audit   'has-tostringtag': [ '1.0.2' ],
75 silly audit   hasown: [ '2.0.2' ],
75 silly audit   'import-fresh': [ '3.3.1' ],
75 silly audit   imurmurhash: [ '0.1.4' ],
75 silly audit   inflight: [ '1.0.6' ],
75 silly audit   inherits: [ '2.0.4' ],
75 silly audit   'internal-slot': [ '1.1.0' ],
75 silly audit   'is-array-buffer': [ '3.0.5' ],
75 silly audit   'is-arrayish': [ '0.3.4' ],
75 silly audit   'is-async-function': [ '2.1.1' ],
75 silly audit   'is-bigint': [ '1.1.0' ],
75 silly audit   'is-boolean-object': [ '1.2.2' ],
75 silly audit   'is-bun-module': [ '2.0.0' ],
75 silly audit   'is-callable': [ '1.2.7' ],
75 silly audit   'is-core-module': [ '2.16.1' ],
75 silly audit   'is-data-view': [ '1.0.2' ],
75 silly audit   'is-date-object': [ '1.1.0' ],
75 silly audit   'is-extglob': [ '2.1.1' ],
75 silly audit   'is-finalizationregistry': [ '1.1.1' ],
75 silly audit   'is-generator-function': [ '1.1.2' ],
75 silly audit   'is-glob': [ '4.0.3' ],
75 silly audit   'is-map': [ '2.0.3' ],
75 silly audit   'is-negative-zero': [ '2.0.3' ],
75 silly audit   'is-number': [ '7.0.0' ],
75 silly audit   'is-number-object': [ '1.1.1' ],
75 silly audit   'is-path-inside': [ '3.0.3' ],
75 silly audit   'is-regex': [ '1.2.1' ],
75 silly audit   'is-set': [ '2.0.3' ],
75 silly audit   'is-shared-array-buffer': [ '1.0.4' ],
75 silly audit   'is-string': [ '1.1.1' ],
75 silly audit   'is-symbol': [ '1.1.1' ],
75 silly audit   'is-typed-array': [ '1.1.15' ],
75 silly audit   'is-weakmap': [ '2.0.2' ],
75 silly audit   'is-weakref': [ '1.1.1' ],
75 silly audit   'is-weakset': [ '2.0.4' ],
75 silly audit   isarray: [ '2.0.5' ],
75 silly audit   isexe: [ '2.0.0' ],
75 silly audit   'iterator.prototype': [ '1.1.5' ],
75 silly audit   'js-tokens': [ '4.0.0' ],
75 silly audit   'js-yaml': [ '4.1.1' ],
75 silly audit   'json-buffer': [ '3.0.1' ],
75 silly audit   'json-schema-traverse': [ '0.4.1' ],
75 silly audit   'json-stable-stringify-without-jsonify': [ '1.0.1' ],
75 silly audit   json5: [ '1.0.2' ],
75 silly audit   'jsx-ast-utils': [ '3.3.5' ],
75 silly audit   keyv: [ '4.5.4' ],
75 silly audit   'language-subtag-registry': [ '0.3.23' ],
75 silly audit   'language-tags': [ '1.0.9' ],
75 silly audit   levn: [ '0.4.1' ],
75 silly audit   'locate-path': [ '6.0.0' ],
75 silly audit   'lodash.merge': [ '4.6.2' ],
75 silly audit   'loose-envify': [ '1.4.0' ],
75 silly audit   'math-intrinsics': [ '1.1.0' ],
75 silly audit   merge2: [ '1.4.1' ],
75 silly audit   micromatch: [ '4.0.8' ],
75 silly audit   minimist: [ '1.2.8' ],
75 silly audit   ms: [ '2.1.3' ],
75 silly audit   nanoid: [ '3.3.11' ],
75 silly audit   'napi-postinstall': [ '0.3.4' ],
75 silly audit   'natural-compare': [ '1.4.0' ],
75 silly audit   next: [ '15.1.0' ],
75 silly audit   'object-assign': [ '4.1.1' ],
75 silly audit   'object-inspect': [ '1.13.4' ],
75 silly audit   'object-keys': [ '1.1.1' ],
75 silly audit   'object.assign': [ '4.1.7' ],
75 silly audit   'object.entries': [ '1.1.9' ],
75 silly audit   'object.fromentries': [ '2.0.8' ],
75 silly audit   'object.groupby': [ '1.0.3' ],
75 silly audit   'object.values': [ '1.2.1' ],
75 silly audit   once: [ '1.4.0' ],
75 silly audit   optionator: [ '0.9.4' ],
75 silly audit   'own-keys': [ '1.0.1' ],
75 silly audit   'p-limit': [ '3.1.0' ],
75 silly audit   'p-locate': [ '5.0.0' ],
75 silly audit   'parent-module': [ '1.0.1' ],
75 silly audit   'path-exists': [ '4.0.0' ],
75 silly audit   'path-is-absolute': [ '1.0.1' ],
75 silly audit   'path-key': [ '3.1.1' ],
75 silly audit   'path-parse': [ '1.0.7' ],
75 silly audit   picocolors: [ '1.1.1' ],
75 silly audit   picomatch: [ '2.3.1', '4.0.3' ],
75 silly audit   'possible-typed-array-names': [ '1.1.0' ],
75 silly audit   postcss: [ '8.4.31' ],
75 silly audit   'prelude-ls': [ '1.2.1' ],
75 silly audit   'prop-types': [ '15.8.1' ],
75 silly audit   punycode: [ '2.3.1' ],
75 silly audit   'queue-microtask': [ '1.2.3' ],
75 silly audit   react: [ '19.0.0-rc-66855b96-20241106' ],
75 silly audit   'react-dom': [ '19.0.0-rc-66855b96-20241106' ],
75 silly audit   'react-is': [ '16.13.1' ],
75 silly audit   'reflect.getprototypeof': [ '1.0.10' ],
75 silly audit   'regexp.prototype.flags': [ '1.5.4' ],
75 silly audit   'resolve-from': [ '4.0.0' ],
75 silly audit   'resolve-pkg-maps': [ '1.0.0' ],
75 silly audit   reusify: [ '1.1.0' ],
75 silly audit   rimraf: [ '3.0.2' ],
75 silly audit   'run-parallel': [ '1.2.0' ],
75 silly audit   'safe-array-concat': [ '1.1.3' ],
75 silly audit   'safe-push-apply': [ '1.0.0' ],
75 silly audit   'safe-regex-test': [ '1.1.0' ],
75 silly audit   scheduler: [ '0.25.0-rc-66855b96-20241106' ],
75 silly audit   'set-function-length': [ '1.2.2' ],
75 silly audit   'set-function-name': [ '2.0.2' ],
75 silly audit   'set-proto': [ '1.0.0' ],
75 silly audit   sharp: [ '0.33.5' ],
75 silly audit   'shebang-command': [ '2.0.0' ],
75 silly audit   'shebang-regex': [ '3.0.0' ],
75 silly audit   'side-channel': [ '1.1.0' ],
75 silly audit   'side-channel-list': [ '1.0.0' ],
75 silly audit   'side-channel-map': [ '1.0.1' ],
75 silly audit   'side-channel-weakmap': [ '1.0.2' ],
75 silly audit   'simple-swizzle': [ '0.2.4' ],
75 silly audit   'source-map-js': [ '1.2.1' ],
75 silly audit   'stable-hash': [ '0.0.5' ],
75 silly audit   'stop-iteration-iterator': [ '1.1.0' ],
75 silly audit   streamsearch: [ '1.1.0' ],
75 silly audit   'string.prototype.includes': [ '2.0.1' ],
75 silly audit   'string.prototype.matchall': [ '4.0.12' ],
75 silly audit   'string.prototype.repeat': [ '1.0.0' ],
75 silly audit   'string.prototype.trim': [ '1.2.10' ],
75 silly audit   'string.prototype.trimend': [ '1.0.9' ],
75 silly audit   'string.prototype.trimstart': [ '1.0.8' ],
75 silly audit   'strip-ansi': [ '6.0.1' ],
75 silly audit   'strip-bom': [ '3.0.0' ],
75 silly audit   'strip-json-comments': [ '3.1.1' ],
75 silly audit   'styled-jsx': [ '5.1.6' ],
75 silly audit   'supports-color': [ '7.2.0' ],
75 silly audit   'supports-preserve-symlinks-flag': [ '1.0.0' ],
75 silly audit   'text-table': [ '0.2.0' ],
75 silly audit   tinyglobby: [ '0.2.15' ],
75 silly audit   'to-regex-range': [ '5.0.1' ],
75 silly audit   'ts-api-utils': [ '2.4.0' ],
75 silly audit   'tsconfig-paths': [ '3.15.0' ],
75 silly audit   tslib: [ '2.8.1' ],
75 silly audit   'type-check': [ '0.4.0' ],
75 silly audit   'type-fest': [ '0.20.2' ],
75 silly audit   'typed-array-buffer': [ '1.0.3' ],
75 silly audit   'typed-array-byte-length': [ '1.0.3' ],
75 silly audit   'typed-array-byte-offset': [ '1.0.4' ],
75 silly audit   'typed-array-length': [ '1.0.7' ],
75 silly audit   typescript: [ '5.9.3' ],
75 silly audit   'unbox-primitive': [ '1.1.0' ],
75 silly audit   'undici-types': [ '6.21.0' ],
75 silly audit   'unrs-resolver': [ '1.11.1' ],
75 silly audit   'uri-js': [ '4.4.1' ],
75 silly audit   which: [ '2.0.2' ],
75 silly audit   'which-boxed-primitive': [ '1.1.1' ],
75 silly audit   'which-builtin-type': [ '1.2.1' ],
75 silly audit   'which-collection': [ '1.0.2' ],
75 silly audit   'which-typed-array': [ '1.1.20' ],
75 silly audit   'word-wrap': [ '1.2.5' ],
75 silly audit   wrappy: [ '1.0.2' ],
75 silly audit   'yocto-queue': [ '0.1.0' ],
75 silly audit   '@supabase/ssr': [ '0.8.0' ],
75 silly audit   '@supabase/supabase-js': [ '2.91.0' ],
75 silly audit   cookie: [ '1.1.1' ],
75 silly audit   '@supabase/auth-js': [ '2.91.0' ],
75 silly audit   '@supabase/functions-js': [ '2.91.0' ],
75 silly audit   '@supabase/postgrest-js': [ '2.91.0' ],
75 silly audit   '@supabase/realtime-js': [ '2.91.0' ],
75 silly audit   '@supabase/storage-js': [ '2.91.0' ],
75 silly audit   '@types/phoenix': [ '1.6.7' ],
75 silly audit   '@types/ws': [ '8.18.1' ],
75 silly audit   ws: [ '8.19.0' ],
75 silly audit   'iceberg-js': [ '0.8.1' ]
75 silly audit }
76 verbose reify failed optional dependency /Users/rianmeyer/Flor Diary/node_modules/@unrs/resolver-binding-win32-x64-msvc
77 silly reify mark deleted [
77 silly reify   '/Users/rianmeyer/Flor Diary/node_modules/@unrs/resolver-binding-win32-x64-msvc'
77 silly reify ]
78 verbose reify failed optional dependency /Users/rianmeyer/Flor Diary/node_modules/@unrs/resolver-binding-win32-ia32-msvc
79 silly reify mark deleted [
79 silly reify   '/Users/rianmeyer/Flor Diary/node_modules/@unrs/resolver-binding-win32-ia32-msvc'
79 silly reify ]
80 verbose reify failed optional dependency /Users/rianmeyer/Flor Diary/node_modules/@unrs/resolver-binding-win32-arm64-msvc
81 silly reify mark deleted [
81 silly reify   '/Users/rianmeyer/Flor Diary/node_modules/@unrs/resolver-binding-win32-arm64-msvc'
81 silly reify ]
82 verbose reify failed optional dependency /Users/rianmeyer/Flor Diary/node_modules/@unrs/resolver-binding-wasm32-wasi
83 silly reify mark deleted [
83 silly reify   '/Users/rianmeyer/Flor Diary/node_modules/@unrs/resolver-binding-wasm32-wasi'
83 silly reify ]
84 verbose reify failed optional dependency /Users/rianmeyer/Flor Diary/node_modules/@napi-rs/wasm-runtime
85 silly reify mark deleted [ '/Users/rianmeyer/Flor Diary/node_modules/@napi-rs/wasm-runtime' ]
86 verbose reify failed optional dependency /Users/rianmeyer/Flor Diary/node_modules/@emnapi/core
87 silly reify mark deleted [ '/Users/rianmeyer/Flor Diary/node_modules/@emnapi/core' ]
88 verbose reify failed optional dependency /Users/rianmeyer/Flor Diary/node_modules/@tybys/wasm-util
89 silly reify mark deleted [ '/Users/rianmeyer/Flor Diary/node_modules/@tybys/wasm-util' ]
90 verbose reify failed optional dependency /Users/rianmeyer/Flor Diary/node_modules/@emnapi/wasi-threads
91 silly reify mark deleted [ '/Users/rianmeyer/Flor Diary/node_modules/@emnapi/wasi-threads' ]
92 verbose reify failed optional dependency /Users/rianmeyer/Flor Diary/node_modules/@unrs/resolver-binding-linux-x64-musl
93 silly reify mark deleted [
93 silly reify   '/Users/rianmeyer/Flor Diary/node_modules/@unrs/resolver-binding-linux-x64-musl'
93 silly reify ]
94 verbose reify failed optional dependency /Users/rianmeyer/Flor Diary/node_modules/@unrs/resolver-binding-linux-x64-gnu
95 silly reify mark deleted [
95 silly reify   '/Users/rianmeyer/Flor Diary/node_modules/@unrs/resolver-binding-linux-x64-gnu'
95 silly reify ]
96 verbose reify failed optional dependency /Users/rianmeyer/Flor Diary/node_modules/@unrs/resolver-binding-linux-s390x-gnu
97 silly reify mark deleted [
97 silly reify   '/Users/rianmeyer/Flor Diary/node_modules/@unrs/resolver-binding-linux-s390x-gnu'
97 silly reify ]
98 verbose reify failed optional dependency /Users/rianmeyer/Flor Diary/node_modules/@unrs/resolver-binding-linux-riscv64-musl
99 silly reify mark deleted [
99 silly reify   '/Users/rianmeyer/Flor Diary/node_modules/@unrs/resolver-binding-linux-riscv64-musl'
99 silly reify ]
100 verbose reify failed optional dependency /Users/rianmeyer/Flor Diary/node_modules/@unrs/resolver-binding-linux-riscv64-gnu
101 silly reify mark deleted [
101 silly reify   '/Users/rianmeyer/Flor Diary/node_modules/@unrs/resolver-binding-linux-riscv64-gnu'
101 silly reify ]
102 verbose reify failed optional dependency /Users/rianmeyer/Flor Diary/node_modules/@unrs/resolver-binding-linux-ppc64-gnu
103 silly reify mark deleted [
103 silly reify   '/Users/rianmeyer/Flor Diary/node_modules/@unrs/resolver-binding-linux-ppc64-gnu'
103 silly reify ]
104 verbose reify failed optional dependency /Users/rianmeyer/Flor Diary/node_modules/@unrs/resolver-binding-linux-arm64-musl
105 silly reify mark deleted [
105 silly reify   '/Users/rianmeyer/Flor Diary/node_modules/@unrs/resolver-binding-linux-arm64-musl'
105 silly reify ]
106 verbose reify failed optional dependency /Users/rianmeyer/Flor Diary/node_modules/@unrs/resolver-binding-linux-arm64-gnu
107 silly reify mark deleted [
107 silly reify   '/Users/rianmeyer/Flor Diary/node_modules/@unrs/resolver-binding-linux-arm64-gnu'
107 silly reify ]
108 verbose reify failed optional dependency /Users/rianmeyer/Flor Diary/node_modules/@unrs/resolver-binding-linux-arm-musleabihf
109 silly reify mark deleted [
109 silly reify   '/Users/rianmeyer/Flor Diary/node_modules/@unrs/resolver-binding-linux-arm-musleabihf'
109 silly reify ]
110 verbose reify failed optional dependency /Users/rianmeyer/Flor Diary/node_modules/@unrs/resolver-binding-linux-arm-gnueabihf
111 silly reify mark deleted [
111 silly reify   '/Users/rianmeyer/Flor Diary/node_modules/@unrs/resolver-binding-linux-arm-gnueabihf'
111 silly reify ]
112 verbose reify failed optional dependency /Users/rianmeyer/Flor Diary/node_modules/@unrs/resolver-binding-freebsd-x64
113 silly reify mark deleted [
113 silly reify   '/Users/rianmeyer/Flor Diary/node_modules/@unrs/resolver-binding-freebsd-x64'
113 silly reify ]
114 verbose reify failed optional dependency /Users/rianmeyer/Flor Diary/node_modules/@unrs/resolver-binding-darwin-x64
115 silly reify mark deleted [
115 silly reify   '/Users/rianmeyer/Flor Diary/node_modules/@unrs/resolver-binding-darwin-x64'
115 silly reify ]
116 verbose reify failed optional dependency /Users/rianmeyer/Flor Diary/node_modules/@unrs/resolver-binding-android-arm64
117 silly reify mark deleted [
117 silly reify   '/Users/rianmeyer/Flor Diary/node_modules/@unrs/resolver-binding-android-arm64'
117 silly reify ]
118 verbose reify failed optional dependency /Users/rianmeyer/Flor Diary/node_modules/@unrs/resolver-binding-android-arm-eabi
119 silly reify mark deleted [
119 silly reify   '/Users/rianmeyer/Flor Diary/node_modules/@unrs/resolver-binding-android-arm-eabi'
119 silly reify ]
120 verbose reify failed optional dependency /Users/rianmeyer/Flor Diary/node_modules/@next/swc-win32-x64-msvc
121 silly reify mark deleted [ '/Users/rianmeyer/Flor Diary/node_modules/@next/swc-win32-x64-msvc' ]
122 verbose reify failed optional dependency /Users/rianmeyer/Flor Diary/node_modules/@next/swc-win32-arm64-msvc
123 silly reify mark deleted [
123 silly reify   '/Users/rianmeyer/Flor Diary/node_modules/@next/swc-win32-arm64-msvc'
123 silly reify ]
124 verbose reify failed optional dependency /Users/rianmeyer/Flor Diary/node_modules/@next/swc-linux-x64-musl
125 silly reify mark deleted [ '/Users/rianmeyer/Flor Diary/node_modules/@next/swc-linux-x64-musl' ]
126 verbose reify failed optional dependency /Users/rianmeyer/Flor Diary/node_modules/@next/swc-linux-x64-gnu
127 silly reify mark deleted [ '/Users/rianmeyer/Flor Diary/node_modules/@next/swc-linux-x64-gnu' ]
128 verbose reify failed optional dependency /Users/rianmeyer/Flor Diary/node_modules/@next/swc-linux-arm64-musl
129 silly reify mark deleted [
129 silly reify   '/Users/rianmeyer/Flor Diary/node_modules/@next/swc-linux-arm64-musl'
129 silly reify ]
130 verbose reify failed optional dependency /Users/rianmeyer/Flor Diary/node_modules/@next/swc-linux-arm64-gnu
131 silly reify mark deleted [
131 silly reify   '/Users/rianmeyer/Flor Diary/node_modules/@next/swc-linux-arm64-gnu'
131 silly reify ]
132 verbose reify failed optional dependency /Users/rianmeyer/Flor Diary/node_modules/@next/swc-darwin-x64
133 silly reify mark deleted [ '/Users/rianmeyer/Flor Diary/node_modules/@next/swc-darwin-x64' ]
134 verbose reify failed optional dependency /Users/rianmeyer/Flor Diary/node_modules/@img/sharp-win32-x64
135 silly reify mark deleted [ '/Users/rianmeyer/Flor Diary/node_modules/@img/sharp-win32-x64' ]
136 verbose reify failed optional dependency /Users/rianmeyer/Flor Diary/node_modules/@img/sharp-win32-ia32
137 silly reify mark deleted [ '/Users/rianmeyer/Flor Diary/node_modules/@img/sharp-win32-ia32' ]
138 verbose reify failed optional dependency /Users/rianmeyer/Flor Diary/node_modules/@img/sharp-wasm32
139 silly reify mark deleted [ '/Users/rianmeyer/Flor Diary/node_modules/@img/sharp-wasm32' ]
140 verbose reify failed optional dependency /Users/rianmeyer/Flor Diary/node_modules/@img/sharp-linuxmusl-x64
141 silly reify mark deleted [ '/Users/rianmeyer/Flor Diary/node_modules/@img/sharp-linuxmusl-x64' ]
142 verbose reify failed optional dependency /Users/rianmeyer/Flor Diary/node_modules/@img/sharp-linuxmusl-arm64
143 silly reify mark deleted [
143 silly reify   '/Users/rianmeyer/Flor Diary/node_modules/@img/sharp-linuxmusl-arm64'
143 silly reify ]
144 verbose reify failed optional dependency /Users/rianmeyer/Flor Diary/node_modules/@img/sharp-linux-x64
145 silly reify mark deleted [ '/Users/rianmeyer/Flor Diary/node_modules/@img/sharp-linux-x64' ]
146 verbose reify failed optional dependency /Users/rianmeyer/Flor Diary/node_modules/@img/sharp-linux-s390x
147 silly reify mark deleted [ '/Users/rianmeyer/Flor Diary/node_modules/@img/sharp-linux-s390x' ]
148 verbose reify failed optional dependency /Users/rianmeyer/Flor Diary/node_modules/@img/sharp-linux-arm64
149 silly reify mark deleted [ '/Users/rianmeyer/Flor Diary/node_modules/@img/sharp-linux-arm64' ]
150 verbose reify failed optional dependency /Users/rianmeyer/Flor Diary/node_modules/@img/sharp-linux-arm
151 silly reify mark deleted [ '/Users/rianmeyer/Flor Diary/node_modules/@img/sharp-linux-arm' ]
152 verbose reify failed optional dependency /Users/rianmeyer/Flor Diary/node_modules/@img/sharp-libvips-linuxmusl-x64
153 silly reify mark deleted [
153 silly reify   '/Users/rianmeyer/Flor Diary/node_modules/@img/sharp-libvips-linuxmusl-x64'
153 silly reify ]
154 verbose reify failed optional dependency /Users/rianmeyer/Flor Diary/node_modules/@img/sharp-libvips-linuxmusl-arm64
155 silly reify mark deleted [
155 silly reify   '/Users/rianmeyer/Flor Diary/node_modules/@img/sharp-libvips-linuxmusl-arm64'
155 silly reify ]
156 verbose reify failed optional dependency /Users/rianmeyer/Flor Diary/node_modules/@img/sharp-libvips-linux-x64
157 silly reify mark deleted [
157 silly reify   '/Users/rianmeyer/Flor Diary/node_modules/@img/sharp-libvips-linux-x64'
157 silly reify ]
158 verbose reify failed optional dependency /Users/rianmeyer/Flor Diary/node_modules/@img/sharp-libvips-linux-s390x
159 silly reify mark deleted [
159 silly reify   '/Users/rianmeyer/Flor Diary/node_modules/@img/sharp-libvips-linux-s390x'
159 silly reify ]
160 verbose reify failed optional dependency /Users/rianmeyer/Flor Diary/node_modules/@img/sharp-libvips-linux-arm64
161 silly reify mark deleted [
161 silly reify   '/Users/rianmeyer/Flor Diary/node_modules/@img/sharp-libvips-linux-arm64'
161 silly reify ]
162 verbose reify failed optional dependency /Users/rianmeyer/Flor Diary/node_modules/@img/sharp-libvips-linux-arm
163 silly reify mark deleted [
163 silly reify   '/Users/rianmeyer/Flor Diary/node_modules/@img/sharp-libvips-linux-arm'
163 silly reify ]
164 verbose reify failed optional dependency /Users/rianmeyer/Flor Diary/node_modules/@img/sharp-libvips-darwin-x64
165 silly reify mark deleted [
165 silly reify   '/Users/rianmeyer/Flor Diary/node_modules/@img/sharp-libvips-darwin-x64'
165 silly reify ]
166 verbose reify failed optional dependency /Users/rianmeyer/Flor Diary/node_modules/@img/sharp-darwin-x64
167 silly reify mark deleted [ '/Users/rianmeyer/Flor Diary/node_modules/@img/sharp-darwin-x64' ]
168 http cache iceberg-js@https://registry.npmjs.org/iceberg-js/-/iceberg-js-0.8.1.tgz 0ms (cache hit)
169 http cache @types/ws@https://registry.npmjs.org/@types/ws/-/ws-8.18.1.tgz 0ms (cache hit)
170 http cache ws@https://registry.npmjs.org/ws/-/ws-8.19.0.tgz 0ms (cache hit)
171 http cache @supabase/postgrest-js@https://registry.npmjs.org/@supabase/postgrest-js/-/postgrest-js-2.91.0.tgz 0ms (cache hit)
172 http cache @supabase/functions-js@https://registry.npmjs.org/@supabase/functions-js/-/functions-js-2.91.0.tgz 0ms (cache hit)
173 http cache @supabase/realtime-js@https://registry.npmjs.org/@supabase/realtime-js/-/realtime-js-2.91.0.tgz 0ms (cache hit)
174 http cache cookie@https://registry.npmjs.org/cookie/-/cookie-1.1.1.tgz 0ms (cache hit)
175 http cache @supabase/auth-js@https://registry.npmjs.org/@supabase/auth-js/-/auth-js-2.91.0.tgz 0ms (cache hit)
176 http cache @supabase/supabase-js@https://registry.npmjs.org/@supabase/supabase-js/-/supabase-js-2.91.0.tgz 0ms (cache hit)
177 http cache @supabase/ssr@https://registry.npmjs.org/@supabase/ssr/-/ssr-0.8.0.tgz 0ms (cache hit)
178 http cache @supabase/storage-js@https://registry.npmjs.org/@supabase/storage-js/-/storage-js-2.91.0.tgz 0ms (cache hit)
179 http cache @napi-rs/wasm-runtime@https://registry.npmjs.org/@napi-rs/wasm-runtime/-/wasm-runtime-0.2.12.tgz 0ms (cache hit)
180 http cache @emnapi/wasi-threads@https://registry.npmjs.org/@emnapi/wasi-threads/-/wasi-threads-1.1.0.tgz 0ms (cache hit)
181 http cache @types/phoenix@https://registry.npmjs.org/@types/phoenix/-/phoenix-1.6.7.tgz 0ms (cache hit)
182 http cache @emnapi/core@https://registry.npmjs.org/@emnapi/core/-/core-1.8.1.tgz 0ms (cache hit)
183 http cache @tybys/wasm-util@https://registry.npmjs.org/@tybys/wasm-util/-/wasm-util-0.10.1.tgz 0ms (cache hit)
184 silly tarball no local data for iceberg-js@https://registry.npmjs.org/iceberg-js/-/iceberg-js-0.8.1.tgz. Extracting by manifest.
185 silly tarball no local data for @types/ws@https://registry.npmjs.org/@types/ws/-/ws-8.18.1.tgz. Extracting by manifest.
186 silly tarball no local data for ws@https://registry.npmjs.org/ws/-/ws-8.19.0.tgz. Extracting by manifest.
187 silly tarball no local data for @supabase/postgrest-js@https://registry.npmjs.org/@supabase/postgrest-js/-/postgrest-js-2.91.0.tgz. Extracting by manifest.
188 silly tarball no local data for @supabase/functions-js@https://registry.npmjs.org/@supabase/functions-js/-/functions-js-2.91.0.tgz. Extracting by manifest.
189 silly tarball no local data for @supabase/realtime-js@https://registry.npmjs.org/@supabase/realtime-js/-/realtime-js-2.91.0.tgz. Extracting by manifest.
190 silly tarball no local data for cookie@https://registry.npmjs.org/cookie/-/cookie-1.1.1.tgz. Extracting by manifest.
191 silly tarball no local data for @supabase/auth-js@https://registry.npmjs.org/@supabase/auth-js/-/auth-js-2.91.0.tgz. Extracting by manifest.
192 silly tarball no local data for @supabase/supabase-js@https://registry.npmjs.org/@supabase/supabase-js/-/supabase-js-2.91.0.tgz. Extracting by manifest.
193 silly tarball no local data for @supabase/ssr@https://registry.npmjs.org/@supabase/ssr/-/ssr-0.8.0.tgz. Extracting by manifest.
194 silly tarball no local data for @supabase/storage-js@https://registry.npmjs.org/@supabase/storage-js/-/storage-js-2.91.0.tgz. Extracting by manifest.
195 silly tarball no local data for @types/phoenix@https://registry.npmjs.org/@types/phoenix/-/phoenix-1.6.7.tgz. Extracting by manifest.
196 http fetch GET 200 https://registry.npmjs.org/ws/-/ws-8.19.0.tgz 44ms (cache miss)
197 http fetch GET 200 https://registry.npmjs.org/@types/ws/-/ws-8.18.1.tgz 47ms (cache miss)
198 http fetch GET 200 https://registry.npmjs.org/@supabase/postgrest-js/-/postgrest-js-2.91.0.tgz 58ms (cache miss)
199 http fetch GET 200 https://registry.npmjs.org/@supabase/functions-js/-/functions-js-2.91.0.tgz 77ms (cache miss)
200 http fetch GET 200 https://registry.npmjs.org/@types/phoenix/-/phoenix-1.6.7.tgz 92ms (cache miss)
201 http fetch GET 200 https://registry.npmjs.org/iceberg-js/-/iceberg-js-0.8.1.tgz 95ms (cache miss)
202 http fetch GET 200 https://registry.npmjs.org/cookie/-/cookie-1.1.1.tgz 113ms (cache miss)
203 http fetch GET 200 https://registry.npmjs.org/@supabase/supabase-js/-/supabase-js-2.91.0.tgz 116ms (cache miss)
204 http fetch GET 200 https://registry.npmjs.org/@supabase/realtime-js/-/realtime-js-2.91.0.tgz 127ms (cache miss)
205 http fetch GET 200 https://registry.npmjs.org/@supabase/storage-js/-/storage-js-2.91.0.tgz 132ms (cache miss)
206 http fetch GET 200 https://registry.npmjs.org/@supabase/auth-js/-/auth-js-2.91.0.tgz 146ms (cache miss)
207 http fetch POST 200 https://registry.npmjs.org/-/npm/v1/security/advisories/bulk 209ms
208 silly audit report {
208 silly audit report   next: [
208 silly audit report     {
208 silly audit report       id: 1101437,
208 silly audit report       url: 'https://github.com/advisories/GHSA-7m27-7ghc-44w9',
208 silly audit report       title: 'Next.js Allows a Denial of Service (DoS) with Server Actions',
208 silly audit report       severity: 'moderate',
208 silly audit report       vulnerable_versions: '>=15.0.0 <15.1.2',
208 silly audit report       cwe: [Array],
208 silly audit report       cvss: [Object]
208 silly audit report     },
208 silly audit report     {
208 silly audit report       id: 1105462,
208 silly audit report       url: 'https://github.com/advisories/GHSA-3h52-269p-cp9r',
208 silly audit report       title: 'Information exposure in Next.js dev server due to lack of origin verification',
208 silly audit report       severity: 'low',
208 silly audit report       vulnerable_versions: '>=15.0.0 <15.2.2',
208 silly audit report       cwe: [Array],
208 silly audit report       cvss: [Object]
208 silly audit report     },
208 silly audit report     {
208 silly audit report       id: 1105948,
208 silly audit report       url: 'https://github.com/advisories/GHSA-67rr-84xm-4c7r',
208 silly audit report       title: 'Next.JS vulnerability can lead to DoS via cache poisoning ',
208 silly audit report       severity: 'high',
208 silly audit report       vulnerable_versions: '>=15.0.4-canary.51 <15.1.8',
208 silly audit report       cwe: [Array],
208 silly audit report       cvss: [Object]
208 silly audit report     },
208 silly audit report     {
208 silly audit report       id: 1111367,
208 silly audit report       url: 'https://github.com/advisories/GHSA-9qr9-h5gf-34mp',
208 silly audit report       title: 'Next.js is vulnerable to RCE in React flight protocol',
208 silly audit report       severity: 'critical',
208 silly audit report       vulnerable_versions: '>=15.1.0-canary.0 <15.1.9',
208 silly audit report       cwe: [Array],
208 silly audit report       cvss: [Object]
208 silly audit report     },
208 silly audit report     {
208 silly audit report       id: 1107228,
208 silly audit report       url: 'https://github.com/advisories/GHSA-g5qg-72qw-gw5v',
208 silly audit report       title: 'Next.js Affected by Cache Key Confusion for Image Optimization API Routes',
208 silly audit report       severity: 'moderate',
208 silly audit report       vulnerable_versions: '>=15.0.0 <=15.4.4',
208 silly audit report       cwe: [Array],
208 silly audit report       cvss: [Object]
208 silly audit report     },
208 silly audit report     {
208 silly audit report       id: 1107514,
208 silly audit report       url: 'https://github.com/advisories/GHSA-xv57-4mr9-wg8v',
208 silly audit report       title: 'Next.js Content Injection Vulnerability for Image Optimization',
208 silly audit report       severity: 'moderate',
208 silly audit report       vulnerable_versions: '>=15.0.0 <=15.4.4',
208 silly audit report       cwe: [Array],
208 silly audit report       cvss: [Object]
208 silly audit report     },
208 silly audit report     {
208 silly audit report       id: 1107515,
208 silly audit report       url: 'https://github.com/advisories/GHSA-4342-x723-ch2f',
208 silly audit report       title: 'Next.js Improper Middleware Redirect Handling Leads to SSRF',
208 silly audit report       severity: 'moderate',
208 silly audit report       vulnerable_versions: '>=15.0.0-canary.0 <15.4.7',
208 silly audit report       cwe: [Array],
208 silly audit report       cvss: [Object]
208 silly audit report     },
208 silly audit report     {
208 silly audit report       id: 1108410,
208 silly audit report       url: 'https://github.com/advisories/GHSA-qpjv-v59x-3qc4',
208 silly audit report       title: 'Next.js Race Condition to Cache Poisoning',
208 silly audit report       severity: 'low',
208 silly audit report       vulnerable_versions: '>=15.0.0 <15.1.6',
208 silly audit report       cwe: [Array],
208 silly audit report       cvss: [Object]
208 silly audit report     },
208 silly audit report     {
208 silly audit report       id: 1108952,
208 silly audit report       url: 'https://github.com/advisories/GHSA-f82v-jwr5-mffw',
208 silly audit report       title: 'Authorization Bypass in Next.js Middleware',
208 silly audit report       severity: 'critical',
208 silly audit report       vulnerable_versions: '>=15.0.0 <15.2.3',
208 silly audit report       cwe: [Array],
208 silly audit report       cvss: [Object]
208 silly audit report     }
208 silly audit report   ]
208 silly audit report }
209 silly packumentCache corgi:https://registry.npmjs.org/next cache-miss
210 http cache https://registry.npmjs.org/next 28ms (cache hit)
211 silly packumentCache corgi:https://registry.npmjs.org/next set size:23408187 disposed:false
212 http fetch GET 200 https://registry.npmjs.org/@supabase/ssr/-/ssr-0.8.0.tgz 502ms (cache miss)
213 silly ADD node_modules/iceberg-js
214 silly ADD node_modules/ws
215 silly ADD node_modules/@types/ws
216 silly ADD node_modules/@types/phoenix
217 silly ADD node_modules/@supabase/storage-js
218 silly ADD node_modules/@supabase/realtime-js
219 silly ADD node_modules/@supabase/postgrest-js
220 silly ADD node_modules/@supabase/functions-js
221 silly ADD node_modules/@supabase/auth-js
222 silly ADD node_modules/cookie
223 silly ADD node_modules/@supabase/supabase-js
224 silly ADD node_modules/@supabase/ssr
225 silly ADD
226 silly ADD
227 silly ADD
228 silly ADD
229 silly ADD
230 silly ADD
231 silly ADD
232 silly ADD
233 silly ADD
234 silly ADD
235 silly ADD
236 silly ADD
237 silly ADD
238 silly ADD
239 silly ADD
240 silly ADD
241 silly ADD
242 silly ADD
243 silly ADD
244 silly ADD
245 silly ADD
246 silly ADD
247 silly ADD
248 silly ADD
249 silly ADD
250 silly ADD
251 silly ADD
252 silly ADD
253 silly ADD
254 silly ADD
255 silly ADD
256 silly ADD
257 silly ADD
258 silly ADD
259 silly ADD
260 silly ADD
261 silly ADD
262 silly ADD
263 silly ADD
264 silly ADD
265 silly ADD
266 silly ADD
267 silly ADD
268 silly ADD
269 silly ADD
270 silly ADD
271 verbose cwd /Users/rianmeyer/Flor Diary
272 verbose os Darwin 25.2.0
273 verbose node v22.15.0
274 verbose npm  v10.9.2
275 verbose exit 0
276 info ok
